

Started GET "/" for ::1 at 2015-01-30 22:36:08 -0500
Processing by Rails::WelcomeController#index as HTML
  Rendered /Users/stevenduque/.rvm/gems/ruby-2.2.0/gems/railties-4.2.0/lib/rails/templates/rails/welcome/index.html.erb (2.0ms)
Completed 200 OK in 113ms (Views: 92.5ms | ActiveRecord: 0.0ms)


Started GET "/" for ::1 at 2015-02-01 23:36:29 -0500
Processing by Rails::WelcomeController#index as HTML
  Rendered /Users/stevenduque/.rvm/gems/ruby-2.2.0/gems/railties-4.2.0/lib/rails/templates/rails/welcome/index.html.erb (3.3ms)
Completed 200 OK in 106ms (Views: 82.3ms | ActiveRecord: 0.0ms)


Started GET "/pages/home" for ::1 at 2015-02-01 23:43:04 -0500
Processing by PagesController#home as HTML
  Rendered pages/home.html.erb within layouts/application (1.8ms)
Completed 200 OK in 2427ms (Views: 2399.4ms | ActiveRecord: 0.0ms)


Started GET "/assets/jquery_ujs-e27bd20a10d28155845a22d71ef94f2f.js?body=1" for ::1 at 2015-02-01 23:43:06 -0500


Started GET "/assets/application-5266d2988799ecc8fe6e81eaab412e7d.css?body=1" for ::1 at 2015-02-01 23:43:07 -0500


Started GET "/assets/pages-64e62ddc273c2f5847f30d698ca14b67.css?body=1" for ::1 at 2015-02-01 23:43:07 -0500


Started GET "/assets/jquery-87424c3c19e96d4fb033c10ebe21ec40.js?body=1" for ::1 at 2015-02-01 23:43:07 -0500


Started GET "/assets/turbolinks-da8ddad9c2c5483d4c5c30c1ce325253.js?body=1" for ::1 at 2015-02-01 23:43:07 -0500


Started GET "/assets/pages-fcec5b5a277ac7c20cc9f45a209a3bcd.js?body=1" for ::1 at 2015-02-01 23:43:07 -0500


Started GET "/assets/application-79e1233a68e5fdd328d8a2ea17ddef8a.js?body=1" for ::1 at 2015-02-01 23:43:07 -0500


Started GET "/pages/home" for ::1 at 2015-02-01 23:44:15 -0500
Processing by PagesController#home as HTML
  Rendered pages/home.html.erb within layouts/application (0.4ms)
Completed 200 OK in 52ms (Views: 51.4ms | ActiveRecord: 0.0ms)


Started GET "/assets/pages-64e62ddc273c2f5847f30d698ca14b67.css?body=1" for ::1 at 2015-02-01 23:44:15 -0500


Started GET "/assets/application-5266d2988799ecc8fe6e81eaab412e7d.css?body=1" for ::1 at 2015-02-01 23:44:15 -0500


Started GET "/assets/jquery-87424c3c19e96d4fb033c10ebe21ec40.js?body=1" for ::1 at 2015-02-01 23:44:15 -0500


Started GET "/assets/turbolinks-da8ddad9c2c5483d4c5c30c1ce325253.js?body=1" for ::1 at 2015-02-01 23:44:15 -0500


Started GET "/assets/pages-fcec5b5a277ac7c20cc9f45a209a3bcd.js?body=1" for ::1 at 2015-02-01 23:44:15 -0500


Started GET "/assets/jquery_ujs-e27bd20a10d28155845a22d71ef94f2f.js?body=1" for ::1 at 2015-02-01 23:44:15 -0500


Started GET "/assets/application-79e1233a68e5fdd328d8a2ea17ddef8a.js?body=1" for ::1 at 2015-02-01 23:44:15 -0500


Started GET "/" for ::1 at 2015-02-01 23:45:20 -0500
Processing by Rails::WelcomeController#index as HTML
  Rendered /Users/stevenduque/.rvm/gems/ruby-2.2.0/gems/railties-4.2.0/lib/rails/templates/rails/welcome/index.html.erb (1.2ms)
Completed 200 OK in 44ms (Views: 43.2ms | ActiveRecord: 0.0ms)


Started GET "/" for ::1 at 2015-02-01 23:45:22 -0500
Processing by Rails::WelcomeController#index as HTML
  Rendered /Users/stevenduque/.rvm/gems/ruby-2.2.0/gems/railties-4.2.0/lib/rails/templates/rails/welcome/index.html.erb (0.1ms)
Completed 200 OK in 3ms (Views: 2.6ms | ActiveRecord: 0.0ms)


Started GET "/" for ::1 at 2015-02-01 23:47:04 -0500
Processing by PagesController#home as HTML
  Rendered pages/home.html.erb within layouts/application (0.5ms)
Completed 200 OK in 112ms (Views: 111.6ms | ActiveRecord: 0.0ms)


Started GET "/assets/application-5266d2988799ecc8fe6e81eaab412e7d.css?body=1" for ::1 at 2015-02-01 23:47:05 -0500


Started GET "/assets/pages-64e62ddc273c2f5847f30d698ca14b67.css?body=1" for ::1 at 2015-02-01 23:47:05 -0500


Started GET "/assets/jquery_ujs-e27bd20a10d28155845a22d71ef94f2f.js?body=1" for ::1 at 2015-02-01 23:47:05 -0500


Started GET "/assets/jquery-87424c3c19e96d4fb033c10ebe21ec40.js?body=1" for ::1 at 2015-02-01 23:47:05 -0500


Started GET "/assets/turbolinks-da8ddad9c2c5483d4c5c30c1ce325253.js?body=1" for ::1 at 2015-02-01 23:47:05 -0500


Started GET "/assets/pages-fcec5b5a277ac7c20cc9f45a209a3bcd.js?body=1" for ::1 at 2015-02-01 23:47:05 -0500


Started GET "/assets/application-79e1233a68e5fdd328d8a2ea17ddef8a.js?body=1" for ::1 at 2015-02-01 23:47:05 -0500
